<?xml version="1.0" encoding="UTF-8"?>
<!-- Generated by org.testng.reporters.JUnitXMLReporter -->
<testsuite hostname="DESKTOP-L2FA2TH" ignored="0" name="ValidateTitle" tests="2" failures="1" timestamp="2021-01-18T13:49:26 IST" time="15.634" errors="0">
  <testcase name="headerValidation" time="0.007" classname="Academy.validateTitle">
    <failure type="java.lang.NullPointerException">
      <![CDATA[java.lang.NullPointerException
at Academy.validateTitle.headerValidation(validateTitle.java:49)
at java.util.ArrayList.forEach(Unknown Source)
at java.util.concurrent.FutureTask.run(Unknown Source)
at java.util.concurrent.ThreadPoolExecutor.runWorker(Unknown Source)
at java.util.concurrent.ThreadPoolExecutor$Worker.run(Unknown Source)
at java.lang.Thread.run(Unknown Source)
... Removed 18 stack frames]]>
    </failure>
  </testcase> <!-- headerValidation -->
  <testcase name="titleValidation" time="0.209" classname="Academy.validateTitle"/>
</testsuite> <!-- ValidateTitle -->
