<?xml version="1.0" encoding="UTF-8"?>
<testsuite xmlns:xsi="http://www.w3.org/2001/XMLSchema-instance" xsi:noNamespaceSchemaLocation="https://maven.apache.org/surefire/maven-surefire-plugin/xsd/surefire-test-report-3.0.xsd" version="3.0" name="TestSuite" time="31.385" tests="6" errors="0" skipped="0" failures="2">
  <properties>
[...]
</properties>
  <testcase name="gitbranchTest" classname="Academy.validateLogo" time="0.032">
    <system-out><![CDATA[testing git branch
]]></system-out>
    <system-err><![CDATA[Starting ChromeDriver 87.0.4280.88 (89e2380a3e36c3464b5dd1302349b1382549290d-refs/branch-heads/4280@{#1761}) on portS 1t93a90rti
ngO CnhrolmeyDr iverl o8c7a.l0 c.o4n2n8e0c.t8iS8otnasr tairn eg(  8Ca9helrloomweedD.ri
vPelre2a3s8e0 asee 3httep3s6:c//3c4hromed6r i4v8be75r.d.cd0h1.r34o02m2i8u3m40.9o.rb8g1/3se8c8u2r i(t5y84-c99oe2ns92i03ded8r0a-atri3eoefns3s 6/fbcor3ra 4sn6ug4cgbeh5s-tdihdoen1sa 3od0n 2sk/3e44e29pb8i01n@3g 8C{hr#2o1m54e7D9r62i1v9e}0r )dsa -foer.ne
 fpso/rtb r4an3c7h20-h
eOandlsy/ l4o2c8a0l@{ #c17o6nne1ct}ion)s a reo anll owpeodrt. 35
P3l8e5ase
 Onlsye e lhtotpcs:/a/chlrom edcriveor.nchrnomieum.corgt/seicuorityn-csonside raraet iaolnls ofwoerd. s
uPglgeeasstiones  osn keeping Ceher ohmetDtrpisv:/er safe.
/chromedrivCehrr.ocmheDrroimvieumr .woarsg s/tsaerctuerd istuycc-escsfounllsy.id
erations for suggestions on keeping ChromeDriver safe.
ChromeDriver was started successfully.
ChromeDriver was started successfully.
Jan 18, 2021 1:59:00 PM org.openqa.selenium.remote.ProtocolHandshake createSession
INFO: Detected dialect: W3C
Jan 18, 2021 1:59:01 PM org.openqa.selenium.remote.ProtocolHandshake createSession
INFO: Detected dialect: W3C
Jan 18, 2021 1:59:01 PM org.openqa.selenium.remote.ProtocolHandshake createSession
INFO: Detected dialect: W3C
]]></system-err>
  </testcase>
  <testcase name="logoValidation" classname="Academy.validateLogo" time="0.263"/>
  <testcase name="headerValidation" classname="Academy.validateTitle" time="1.871">
    <failure type="java.lang.NullPointerException"><![CDATA[java.lang.NullPointerException
	at Academy.validateTitle.headerValidation(validateTitle.java:49)
]]></failure>
  </testcase>
  <testcase name="titleValidation" classname="Academy.validateTitle" time="0.717">
    <system-out><![CDATA[13:59:10.443 [TestNG-tests-3] ERROR Academy.validateTitle - Title validation failed
]]></system-out>
  </testcase>
  <testcase name="basePageNavigation[nonrestrictedusesr@gmail.com, 123](1)" classname="Academy.HomePage" time="12.946">
    <failure message="no such element: Unable to locate element: {&quot;method&quot;:&quot;css selector&quot;,&quot;selector&quot;:&quot;[value=&apos;Send Me Instruction&apos;]&quot;}&#10;  (Session info: chrome=87.0.4280.141)&#10;For documentation on this error, please visit: https://www.seleniumhq.org/exceptions/no_such_element.html&#10;Build info: version: &apos;3.141.59&apos;, revision: &apos;e82be7d358&apos;, time: &apos;2018-11-14T08:17:03&apos;&#10;System info: host: &apos;DESKTOP-L2FA2TH&apos;, ip: &apos;192.168.1.10&apos;, os.name: &apos;Windows 10&apos;, os.arch: &apos;amd64&apos;, os.version: &apos;10.0&apos;, java.version: &apos;1.8.0_271&apos;&#10;Driver info: org.openqa.selenium.chrome.ChromeDriver&#10;Capabilities {acceptInsecureCerts: false, browserName: chrome, browserVersion: 87.0.4280.141, chrome: {chromedriverVersion: 87.0.4280.88 (89e2380a3e36c..., userDataDir: C:\Users\Nabeel\AppData\Loc...}, goog:chromeOptions: {debuggerAddress: localhost:49827}, javascriptEnabled: true, networkConnectionEnabled: false, pageLoadStrategy: normal, platform: WINDOWS, platformName: WINDOWS, proxy: Proxy(), setWindowRect: true, strictFileInteractability: false, timeouts: {implicit: 0, pageLoad: 300000, script: 30000}, unhandledPromptBehavior: dismiss and notify, webauthn:virtualAuthenticators: true}&#10;Session ID: d3daef824f21231cb52e0bf94289b493&#10;*** Element info: {Using=css selector, value=[value=&apos;Send Me Instruction&apos;]}" type="org.openqa.selenium.NoSuchElementException"><![CDATA[org.openqa.selenium.NoSuchElementException: 
no such element: Unable to locate element: {"method":"css selector","selector":"[value='Send Me Instruction']"}
  (Session info: chrome=87.0.4280.141)
For documentation on this error, please visit: https://www.seleniumhq.org/exceptions/no_such_element.html
Build info: version: '3.141.59', revision: 'e82be7d358', time: '2018-11-14T08:17:03'
System info: host: 'DESKTOP-L2FA2TH', ip: '192.168.1.10', os.name: 'Windows 10', os.arch: 'amd64', os.version: '10.0', java.version: '1.8.0_271'
Driver info: org.openqa.selenium.chrome.ChromeDriver
Capabilities {acceptInsecureCerts: false, browserName: chrome, browserVersion: 87.0.4280.141, chrome: {chromedriverVersion: 87.0.4280.88 (89e2380a3e36c..., userDataDir: C:\Users\Nabeel\AppData\Loc...}, goog:chromeOptions: {debuggerAddress: localhost:49827}, javascriptEnabled: true, networkConnectionEnabled: false, pageLoadStrategy: normal, platform: WINDOWS, platformName: WINDOWS, proxy: Proxy(), setWindowRect: true, strictFileInteractability: false, timeouts: {implicit: 0, pageLoad: 300000, script: 30000}, unhandledPromptBehavior: dismiss and notify, webauthn:virtualAuthenticators: true}
Session ID: d3daef824f21231cb52e0bf94289b493
*** Element info: {Using=css selector, value=[value='Send Me Instruction']}
	at Academy.HomePage.basePageNavigation(HomePage.java:49)
]]></failure>
  </testcase>
  <testcase name="basePageNavigation[restricteduser@gmail.com, 345](2)" classname="Academy.HomePage" time="2.058"/>
</testsuite>