<?xml version="1.0" encoding="UTF-8"?>
<testng-results skipped="0" failed="2" ignored="0" total="6" passed="4">
  <reporter-output>
  </reporter-output>
  <suite name="Suite" duration-ms="29333" started-at="2021-01-18T13:58:55 IST" finished-at="2021-01-18T13:59:25 IST">
    <groups>
    </groups>
    <test name="ValidateLogo" duration-ms="12842" started-at="2021-01-18T13:58:55 IST" finished-at="2021-01-18T13:59:08 IST">
      <class name="Academy.validateLogo">
        <test-method status="PASS" signature="initalize1()[pri:0, instance:Academy.validateLogo@1e1a0406]" name="initalize1" is-config="true" duration-ms="12352" started-at="2021-01-18T13:58:55 IST" finished-at="2021-01-18T13:59:08 IST">
          <reporter-output>
          </reporter-output>
        </test-method> <!-- initalize1 -->
        <test-method status="PASS" signature="gitbranchTest()[pri:0, instance:Academy.validateLogo@1e1a0406]" name="gitbranchTest" duration-ms="0" started-at="2021-01-18T13:59:08 IST" finished-at="2021-01-18T13:59:08 IST">
          <reporter-output>
          </reporter-output>
        </test-method> <!-- gitbranchTest -->
        <test-method status="PASS" signature="logoValidation()[pri:0, instance:Academy.validateLogo@1e1a0406]" name="logoValidation" duration-ms="298" started-at="2021-01-18T13:59:08 IST" finished-at="2021-01-18T13:59:08 IST">
          <reporter-output>
          </reporter-output>
        </test-method> <!-- logoValidation -->
        <test-method status="PASS" signature="tearDown()[pri:0, instance:Academy.validateLogo@1e1a0406]" name="tearDown" is-config="true" duration-ms="179" started-at="2021-01-18T13:59:08 IST" finished-at="2021-01-18T13:59:08 IST">
          <reporter-output>
          </reporter-output>
        </test-method> <!-- tearDown -->
      </class> <!-- Academy.validateLogo -->
    </test> <!-- ValidateLogo -->
    <test name="ValidateTitle" duration-ms="14762" started-at="2021-01-18T13:58:55 IST" finished-at="2021-01-18T13:59:10 IST">
      <class name="Academy.validateTitle">
        <test-method status="PASS" signature="initalize1()[pri:0, instance:Academy.validateTitle@5a45133e]" name="initalize1" is-config="true" duration-ms="11932" started-at="2021-01-18T13:58:55 IST" finished-at="2021-01-18T13:59:07 IST">
          <reporter-output>
          </reporter-output>
        </test-method> <!-- initalize1 -->
        <test-method status="FAIL" signature="headerValidation()[pri:0, instance:Academy.validateTitle@5a45133e]" name="headerValidation" duration-ms="3" started-at="2021-01-18T13:59:07 IST" finished-at="2021-01-18T13:59:07 IST">
          <exception class="java.lang.NullPointerException">
            <full-stacktrace>
              <![CDATA[java.lang.NullPointerException
at Academy.validateTitle.headerValidation(validateTitle.java:49)
at sun.reflect.NativeMethodAccessorImpl.invoke0(Native Method)
at sun.reflect.NativeMethodAccessorImpl.invoke(NativeMethodAccessorImpl.java:62)
at sun.reflect.DelegatingMethodAccessorImpl.invoke(DelegatingMethodAccessorImpl.java:43)
at java.lang.reflect.Method.invoke(Method.java:498)
at org.testng.internal.MethodInvocationHelper.invokeMethod(MethodInvocationHelper.java:132)
at org.testng.internal.TestInvoker.invokeMethod(TestInvoker.java:599)
at org.testng.internal.TestInvoker.invokeTestMethod(TestInvoker.java:174)
at org.testng.internal.MethodRunner.runInSequence(MethodRunner.java:46)
at org.testng.internal.TestInvoker$MethodInvocationAgent.invoke(TestInvoker.java:822)
at org.testng.internal.TestInvoker.invokeTestMethods(TestInvoker.java:147)
at org.testng.internal.TestMethodWorker.invokeTestMethods(TestMethodWorker.java:146)
at org.testng.internal.TestMethodWorker.run(TestMethodWorker.java:128)
at java.util.ArrayList.forEach(ArrayList.java:1259)
at org.testng.TestRunner.privateRun(TestRunner.java:764)
at org.testng.TestRunner.run(TestRunner.java:585)
at org.testng.SuiteRunner.runTest(SuiteRunner.java:384)
at org.testng.SuiteRunner.access$000(SuiteRunner.java:28)
at org.testng.SuiteRunner$SuiteWorker.run(SuiteRunner.java:425)
at org.testng.internal.thread.ThreadUtil.lambda$execute$0(ThreadUtil.java:66)
at java.util.concurrent.FutureTask.run(FutureTask.java:266)
at java.util.concurrent.ThreadPoolExecutor.runWorker(ThreadPoolExecutor.java:1149)
at java.util.concurrent.ThreadPoolExecutor$Worker.run(ThreadPoolExecutor.java:624)
at java.lang.Thread.run(Thread.java:748)
]]>
            </full-stacktrace>
          </exception> <!-- java.lang.NullPointerException -->
          <reporter-output>
          </reporter-output>
        </test-method> <!-- headerValidation -->
        <test-method status="PASS" signature="titleValidation()[pri:0, instance:Academy.validateTitle@5a45133e]" name="titleValidation" duration-ms="280" started-at="2021-01-18T13:59:10 IST" finished-at="2021-01-18T13:59:10 IST">
          <reporter-output>
          </reporter-output>
        </test-method> <!-- titleValidation -->
        <test-method status="PASS" signature="tearDown()[pri:0, instance:Academy.validateTitle@5a45133e]" name="tearDown" is-config="true" duration-ms="214" started-at="2021-01-18T13:59:10 IST" finished-at="2021-01-18T13:59:10 IST">
          <reporter-output>
          </reporter-output>
        </test-method> <!-- tearDown -->
      </class> <!-- Academy.validateTitle -->
    </test> <!-- ValidateTitle -->
    <test name="ValidateHomePage" duration-ms="29333" started-at="2021-01-18T13:58:55 IST" finished-at="2021-01-18T13:59:25 IST">
      <class name="Academy.HomePage">
        <test-method status="PASS" signature="initalize()[pri:0, instance:Academy.HomePage@771a660]" name="initalize" is-config="true" duration-ms="7414" started-at="2021-01-18T13:58:55 IST" finished-at="2021-01-18T13:59:03 IST">
          <reporter-output>
          </reporter-output>
        </test-method> <!-- initalize -->
        <test-method status="FAIL" signature="basePageNavigation(java.lang.String, java.lang.String)[pri:0, instance:Academy.HomePage@771a660]" name="basePageNavigation" duration-ms="19461" started-at="2021-01-18T13:59:03 IST" data-provider="getData" finished-at="2021-01-18T13:59:22 IST">
          <params>
            <param index="0">
              <value>
                <![CDATA[nonrestrictedusesr@gmail.com]]>
              </value>
            </param>
            <param index="1">
              <value>
                <![CDATA[123]]>
              </value>
            </param>
          </params>
          <exception class="org.openqa.selenium.NoSuchElementException">
            <message>
              <![CDATA[no such element: Unable to locate element: {"method":"css selector","selector":"[value='Send Me Instruction']"}
  (Session info: chrome=87.0.4280.141)
For documentation on this error, please visit: https://www.seleniumhq.org/exceptions/no_such_element.html
Build info: version: '3.141.59', revision: 'e82be7d358', time: '2018-11-14T08:17:03'
System info: host: 'DESKTOP-L2FA2TH', ip: '192.168.1.10', os.name: 'Windows 10', os.arch: 'amd64', os.version: '10.0', java.version: '1.8.0_271'
Driver info: org.openqa.selenium.chrome.ChromeDriver
Capabilities {acceptInsecureCerts: false, browserName: chrome, browserVersion: 87.0.4280.141, chrome: {chromedriverVersion: 87.0.4280.88 (89e2380a3e36c..., userDataDir: C:\Users\Nabeel\AppData\Loc...}, goog:chromeOptions: {debuggerAddress: localhost:49827}, javascriptEnabled: true, networkConnectionEnabled: false, pageLoadStrategy: normal, platform: WINDOWS, platformName: WINDOWS, proxy: Proxy(), setWindowRect: true, strictFileInteractability: false, timeouts: {implicit: 0, pageLoad: 300000, script: 30000}, unhandledPromptBehavior: dismiss and notify, webauthn:virtualAuthenticators: true}
Session ID: d3daef824f21231cb52e0bf94289b493
*** Element info: {Using=css selector, value=[value='Send Me Instruction']}]]>
            </message>
            <full-stacktrace>
              <![CDATA[org.openqa.selenium.NoSuchElementException: no such element: Unable to locate element: {"method":"css selector","selector":"[value='Send Me Instruction']"}
  (Session info: chrome=87.0.4280.141)
For documentation on this error, please visit: https://www.seleniumhq.org/exceptions/no_such_element.html
Build info: version: '3.141.59', revision: 'e82be7d358', time: '2018-11-14T08:17:03'
System info: host: 'DESKTOP-L2FA2TH', ip: '192.168.1.10', os.name: 'Windows 10', os.arch: 'amd64', os.version: '10.0', java.version: '1.8.0_271'
Driver info: org.openqa.selenium.chrome.ChromeDriver
Capabilities {acceptInsecureCerts: false, browserName: chrome, browserVersion: 87.0.4280.141, chrome: {chromedriverVersion: 87.0.4280.88 (89e2380a3e36c..., userDataDir: C:\Users\Nabeel\AppData\Loc...}, goog:chromeOptions: {debuggerAddress: localhost:49827}, javascriptEnabled: true, networkConnectionEnabled: false, pageLoadStrategy: normal, platform: WINDOWS, platformName: WINDOWS, proxy: Proxy(), setWindowRect: true, strictFileInteractability: false, timeouts: {implicit: 0, pageLoad: 300000, script: 30000}, unhandledPromptBehavior: dismiss and notify, webauthn:virtualAuthenticators: true}
Session ID: d3daef824f21231cb52e0bf94289b493
*** Element info: {Using=css selector, value=[value='Send Me Instruction']}
at sun.reflect.NativeConstructorAccessorImpl.newInstance0(Native Method)
at sun.reflect.NativeConstructorAccessorImpl.newInstance(NativeConstructorAccessorImpl.java:62)
at sun.reflect.DelegatingConstructorAccessorImpl.newInstance(DelegatingConstructorAccessorImpl.java:45)
at java.lang.reflect.Constructor.newInstance(Constructor.java:423)
at org.openqa.selenium.remote.http.W3CHttpResponseCodec.createException(W3CHttpResponseCodec.java:187)
at org.openqa.selenium.remote.http.W3CHttpResponseCodec.decode(W3CHttpResponseCodec.java:122)
at org.openqa.selenium.remote.http.W3CHttpResponseCodec.decode(W3CHttpResponseCodec.java:49)
at org.openqa.selenium.remote.HttpCommandExecutor.execute(HttpCommandExecutor.java:158)
at org.openqa.selenium.remote.service.DriverCommandExecutor.execute(DriverCommandExecutor.java:83)
at org.openqa.selenium.remote.RemoteWebDriver.execute(RemoteWebDriver.java:552)
at org.openqa.selenium.remote.RemoteWebDriver.findElement(RemoteWebDriver.java:323)
at org.openqa.selenium.remote.RemoteWebDriver.findElementByCssSelector(RemoteWebDriver.java:420)
at org.openqa.selenium.By$ByCssSelector.findElement(By.java:431)
at org.openqa.selenium.remote.RemoteWebDriver.findElement(RemoteWebDriver.java:315)
at org.openqa.selenium.support.pagefactory.DefaultElementLocator.findElement(DefaultElementLocator.java:69)
at org.openqa.selenium.support.pagefactory.internal.LocatingElementHandler.invoke(LocatingElementHandler.java:38)
at com.sun.proxy.$Proxy14.click(Unknown Source)
at Academy.HomePage.basePageNavigation(HomePage.java:49)
at sun.reflect.NativeMethodAccessorImpl.invoke0(Native Method)
at sun.reflect.NativeMethodAccessorImpl.invoke(NativeMethodAccessorImpl.java:62)
at sun.reflect.DelegatingMethodAccessorImpl.invoke(DelegatingMethodAccessorImpl.java:43)
at java.lang.reflect.Method.invoke(Method.java:498)
at org.testng.internal.MethodInvocationHelper.invokeMethod(MethodInvocationHelper.java:132)
at org.testng.internal.TestInvoker.invokeMethod(TestInvoker.java:599)
at org.testng.internal.TestInvoker.invokeTestMethod(TestInvoker.java:174)
at org.testng.internal.MethodRunner.runInSequence(MethodRunner.java:46)
at org.testng.internal.TestInvoker$MethodInvocationAgent.invoke(TestInvoker.java:822)
at org.testng.internal.TestInvoker.invokeTestMethods(TestInvoker.java:147)
at org.testng.internal.TestMethodWorker.invokeTestMethods(TestMethodWorker.java:146)
at org.testng.internal.TestMethodWorker.run(TestMethodWorker.java:128)
at java.util.ArrayList.forEach(ArrayList.java:1259)
at org.testng.TestRunner.privateRun(TestRunner.java:764)
at org.testng.TestRunner.run(TestRunner.java:585)
at org.testng.SuiteRunner.runTest(SuiteRunner.java:384)
at org.testng.SuiteRunner.access$000(SuiteRunner.java:28)
at org.testng.SuiteRunner$SuiteWorker.run(SuiteRunner.java:425)
at org.testng.internal.thread.ThreadUtil.lambda$execute$0(ThreadUtil.java:66)
at java.util.concurrent.FutureTask.run(FutureTask.java:266)
at java.util.concurrent.ThreadPoolExecutor.runWorker(ThreadPoolExecutor.java:1149)
at java.util.concurrent.ThreadPoolExecutor$Worker.run(ThreadPoolExecutor.java:624)
at java.lang.Thread.run(Thread.java:748)
]]>
            </full-stacktrace>
          </exception> <!-- org.openqa.selenium.NoSuchElementException -->
          <reporter-output>
          </reporter-output>
        </test-method> <!-- basePageNavigation -->
        <test-method status="PASS" signature="basePageNavigation(java.lang.String, java.lang.String)[pri:0, instance:Academy.HomePage@771a660]" name="basePageNavigation" duration-ms="2059" started-at="2021-01-18T13:59:23 IST" data-provider="getData" finished-at="2021-01-18T13:59:25 IST">
          <params>
            <param index="0">
              <value>
                <![CDATA[restricteduser@gmail.com]]>
              </value>
            </param>
            <param index="1">
              <value>
                <![CDATA[345]]>
              </value>
            </param>
          </params>
          <reporter-output>
          </reporter-output>
        </test-method> <!-- basePageNavigation -->
        <test-method status="PASS" signature="tearDown()[pri:0, instance:Academy.HomePage@771a660]" name="tearDown" is-config="true" duration-ms="60" started-at="2021-01-18T13:59:25 IST" finished-at="2021-01-18T13:59:25 IST">
          <reporter-output>
          </reporter-output>
        </test-method> <!-- tearDown -->
      </class> <!-- Academy.HomePage -->
    </test> <!-- ValidateHomePage -->
  </suite> <!-- Suite -->
</testng-results>
