<?xml version="1.0" encoding="UTF-8"?>
<testsuite xmlns:xsi="http://www.w3.org/2001/XMLSchema-instance" xsi:noNamespaceSchemaLocation="https://maven.apache.org/surefire/maven-surefire-plugin/xsd/surefire-test-report-3.0.xsd" version="3.0" name="TestSuite" time="17.715" tests="4" errors="0" skipped="0" failures="1">
  <properties>
[...]
</properties>
  <testcase name="logoValidation" classname="Academy.validateLogo" time="4.598">
    <system-err><![CDATA[Starting ChromeDriver 87.0.4280.88 (89e2380a3e36c3464b5ddS1t3a0rt2i3ng4 9bC1h3ro8m25e4D9r2i9v0edr- re8f7s./0b.r4a280n.c8h-8h e(ad8s9/4e22830@8{0#a17361e})3 6onc 3po4rt6 4454b35d
Odn1ly3 l0oc2al3 c4on9nebc1ti3o8n2s5 a4r9e 2al9lo0wded-.r
Pelfeass/e bsere hatntpcsh:-/h/ceharodmsed/r4iv2e8r0.@c{hr#o1mi7u6m.1o}rg)/s ecounri tpyo-rcton s44i1de6r0ati
oOnsnl fyo rl osucggaelst iocnso onnnS etkcaetreitpoiinnnsgg   aCChrrohmeerD oraimvleelrDo srwaiefved.e.
r
 P8l7e.a0s.e4 s2e8e0 .https:/8/8c h(r8o9em2e3d80riav3ee3r6.cch3r4om6i4umb.5odrgd/s1ec3u0r2it3y4-c9obns1i3de8ra2ti5on4s9 f2o9r 0sudg-gersetifosns/ bonr akenecpihn-ghC ehraCdhorsm/oe4mD2e8rD0ri@vi{erv# es1ra7f 6ew.1a}s
 )s toan portred tsu c27c0e9s5sful
lOy.n
ly local connections are allowed.
Please see https://chromedriver.chromium.org/security-consideraCthironosm efDorr ivseugrg eswtiaonss  sotna rketepeindg  CshucrcoemssefulDlyr.iv
er safe.
ChromeDriver was started successfully.
Jan 16, 2021 3:20:06 PM org.openqa.selenium.remote.ProtocolHandshake createSession
INFO: Detected dialect: W3C
Jan 16, 2021 3:20:06 PM org.openqa.selenium.remote.ProtocolHandshake createSession
INFO: Detected dialect: W3C
Jan 16, 2021 3:20:06 PM org.openqa.selenium.remote.ProtocolHandshake createSession
INFO: Detected dialect: W3C
]]></system-err>
  </testcase>
  <testcase name="titleValidation" classname="Academy.validateTitle" time="5.29">
    <failure message="expected [1234] but found [[[ChromeDriver: chrome on WINDOWS (27116e3f2b06a46d8bf315f6a49d110e)] -&gt; xpath: //*[@class=&apos;text-center&apos;]/h2]]" type="java.lang.AssertionError"><![CDATA[java.lang.AssertionError: expected [1234] but found [[[ChromeDriver: chrome on WINDOWS (27116e3f2b06a46d8bf315f6a49d110e)] -> xpath: //*[@class='text-center']/h2]]
	at Academy.validateTitle.titleValidation(validateTitle.java:36)
]]></failure>
  </testcase>
  <testcase name="basePageNavigation[nonrestrictedusesr@gmail.com, 123](1)" classname="Academy.HomePage" time="6.257"/>
  <testcase name="basePageNavigation[restricteduser@gmail.com, 345](2)" classname="Academy.HomePage" time="2.158"/>
</testsuite>