<?xml version="1.0" encoding="UTF-8"?>
<testng-results skipped="0" failed="1" ignored="0" total="6" passed="5">
  <reporter-output>
  </reporter-output>
  <suite name="Suite" duration-ms="20181" started-at="2021-01-18T13:49:10 IST" finished-at="2021-01-18T13:49:30 IST">
    <groups>
    </groups>
    <test name="ValidateLogo" duration-ms="15379" started-at="2021-01-18T13:49:10 IST" finished-at="2021-01-18T13:49:26 IST">
      <class name="Academy.validateLogo">
        <test-method status="PASS" signature="initalize1()[pri:0, instance:Academy.validateLogo@644baf4a]" name="initalize1" is-config="true" duration-ms="14081" started-at="2021-01-18T13:49:10 IST" finished-at="2021-01-18T13:49:24 IST">
          <reporter-output>
          </reporter-output>
        </test-method> <!-- initalize1 -->
        <test-method status="PASS" signature="gitbranchTest()[pri:0, instance:Academy.validateLogo@644baf4a]" name="gitbranchTest" duration-ms="3" started-at="2021-01-18T13:49:24 IST" finished-at="2021-01-18T13:49:24 IST">
          <reporter-output>
          </reporter-output>
        </test-method> <!-- gitbranchTest -->
        <test-method status="PASS" signature="logoValidation()[pri:0, instance:Academy.validateLogo@644baf4a]" name="logoValidation" duration-ms="405" started-at="2021-01-18T13:49:24 IST" finished-at="2021-01-18T13:49:25 IST">
          <reporter-output>
          </reporter-output>
        </test-method> <!-- logoValidation -->
        <test-method status="PASS" signature="tearDown()[pri:0, instance:Academy.validateLogo@644baf4a]" name="tearDown" is-config="true" duration-ms="870" started-at="2021-01-18T13:49:25 IST" finished-at="2021-01-18T13:49:26 IST">
          <reporter-output>
          </reporter-output>
        </test-method> <!-- tearDown -->
      </class> <!-- Academy.validateLogo -->
    </test> <!-- ValidateLogo -->
    <test name="ValidateTitle" duration-ms="15634" started-at="2021-01-18T13:49:10 IST" finished-at="2021-01-18T13:49:26 IST">
      <class name="Academy.validateTitle">
        <test-method status="PASS" signature="initalize1()[pri:0, instance:Academy.validateTitle@548d708a]" name="initalize1" is-config="true" duration-ms="13114" started-at="2021-01-18T13:49:10 IST" finished-at="2021-01-18T13:49:23 IST">
          <reporter-output>
          </reporter-output>
        </test-method> <!-- initalize1 -->
        <test-method status="FAIL" signature="headerValidation()[pri:0, instance:Academy.validateTitle@548d708a]" name="headerValidation" duration-ms="7" started-at="2021-01-18T13:49:23 IST" finished-at="2021-01-18T13:49:23 IST">
          <exception class="java.lang.NullPointerException">
            <full-stacktrace>
              <![CDATA[java.lang.NullPointerException
at Academy.validateTitle.headerValidation(validateTitle.java:49)
at sun.reflect.NativeMethodAccessorImpl.invoke0(Native Method)
at sun.reflect.NativeMethodAccessorImpl.invoke(Unknown Source)
at sun.reflect.DelegatingMethodAccessorImpl.invoke(Unknown Source)
at java.lang.reflect.Method.invoke(Unknown Source)
at org.testng.internal.MethodInvocationHelper.invokeMethod(MethodInvocationHelper.java:132)
at org.testng.internal.TestInvoker.invokeMethod(TestInvoker.java:599)
at org.testng.internal.TestInvoker.invokeTestMethod(TestInvoker.java:174)
at org.testng.internal.MethodRunner.runInSequence(MethodRunner.java:46)
at org.testng.internal.TestInvoker$MethodInvocationAgent.invoke(TestInvoker.java:822)
at org.testng.internal.TestInvoker.invokeTestMethods(TestInvoker.java:147)
at org.testng.internal.TestMethodWorker.invokeTestMethods(TestMethodWorker.java:146)
at org.testng.internal.TestMethodWorker.run(TestMethodWorker.java:128)
at java.util.ArrayList.forEach(Unknown Source)
at org.testng.TestRunner.privateRun(TestRunner.java:764)
at org.testng.TestRunner.run(TestRunner.java:585)
at org.testng.SuiteRunner.runTest(SuiteRunner.java:384)
at org.testng.SuiteRunner.access$000(SuiteRunner.java:28)
at org.testng.SuiteRunner$SuiteWorker.run(SuiteRunner.java:425)
at org.testng.internal.thread.ThreadUtil.lambda$execute$0(ThreadUtil.java:66)
at java.util.concurrent.FutureTask.run(Unknown Source)
at java.util.concurrent.ThreadPoolExecutor.runWorker(Unknown Source)
at java.util.concurrent.ThreadPoolExecutor$Worker.run(Unknown Source)
at java.lang.Thread.run(Unknown Source)
]]>
            </full-stacktrace>
          </exception> <!-- java.lang.NullPointerException -->
          <reporter-output>
          </reporter-output>
        </test-method> <!-- headerValidation -->
        <test-method status="PASS" signature="titleValidation()[pri:0, instance:Academy.validateTitle@548d708a]" name="titleValidation" duration-ms="209" started-at="2021-01-18T13:49:26 IST" finished-at="2021-01-18T13:49:26 IST">
          <reporter-output>
          </reporter-output>
        </test-method> <!-- titleValidation -->
        <test-method status="PASS" signature="tearDown()[pri:0, instance:Academy.validateTitle@548d708a]" name="tearDown" is-config="true" duration-ms="161" started-at="2021-01-18T13:49:26 IST" finished-at="2021-01-18T13:49:26 IST">
          <reporter-output>
          </reporter-output>
        </test-method> <!-- tearDown -->
      </class> <!-- Academy.validateTitle -->
    </test> <!-- ValidateTitle -->
    <test name="ValidateHomePage" duration-ms="20181" started-at="2021-01-18T13:49:10 IST" finished-at="2021-01-18T13:49:30 IST">
      <class name="Academy.HomePage">
        <test-method status="PASS" signature="initalize()[pri:0, instance:Academy.HomePage@663c9e7a]" name="initalize" is-config="true" duration-ms="7540" started-at="2021-01-18T13:49:10 IST" finished-at="2021-01-18T13:49:18 IST">
          <reporter-output>
          </reporter-output>
        </test-method> <!-- initalize -->
        <test-method status="PASS" signature="basePageNavigation(java.lang.String, java.lang.String)[pri:0, instance:Academy.HomePage@663c9e7a]" name="basePageNavigation" duration-ms="9447" started-at="2021-01-18T13:49:18 IST" data-provider="getData" finished-at="2021-01-18T13:49:27 IST">
          <params>
            <param index="0">
              <value>
                <![CDATA[nonrestrictedusesr@gmail.com]]>
              </value>
            </param>
            <param index="1">
              <value>
                <![CDATA[123]]>
              </value>
            </param>
          </params>
          <reporter-output>
          </reporter-output>
        </test-method> <!-- basePageNavigation -->
        <test-method status="PASS" signature="basePageNavigation(java.lang.String, java.lang.String)[pri:0, instance:Academy.HomePage@663c9e7a]" name="basePageNavigation" duration-ms="3018" started-at="2021-01-18T13:49:27 IST" data-provider="getData" finished-at="2021-01-18T13:49:30 IST">
          <params>
            <param index="0">
              <value>
                <![CDATA[restricteduser@gmail.com]]>
              </value>
            </param>
            <param index="1">
              <value>
                <![CDATA[345]]>
              </value>
            </param>
          </params>
          <reporter-output>
          </reporter-output>
        </test-method> <!-- basePageNavigation -->
        <test-method status="PASS" signature="tearDown()[pri:0, instance:Academy.HomePage@663c9e7a]" name="tearDown" is-config="true" duration-ms="138" started-at="2021-01-18T13:49:30 IST" finished-at="2021-01-18T13:49:30 IST">
          <reporter-output>
          </reporter-output>
        </test-method> <!-- tearDown -->
      </class> <!-- Academy.HomePage -->
    </test> <!-- ValidateHomePage -->
  </suite> <!-- Suite -->
</testng-results>
